<?xml version="1.0" encoding="UTF-8"?>
<!-- Generated by org.testng.reporters.JUnitReportReporter -->
<testsuite hostname="DESKTOP-QELDF29" failures="0" tests="1" name="testBasic.TestNGDemo2" time="0.007" errors="0" timestamp="2024-01-11T22:22:38 IST" skipped="0">
  <testcase classname="testBasic.TestNGDemo2" name="DemoThired" time="0.007"/>
</testsuite> <!-- testBasic.TestNGDemo2 -->
